<?xml version="1.0" encoding="UTF-8"?>
<testsuite xmlns:xsi="http://www.w3.org/2001/XMLSchema-instance" xsi:noNamespaceSchemaLocation="https://maven.apache.org/surefire/maven-surefire-plugin/xsd/surefire-test-report.xsd" version="3.0.2" name="com.pet.project.airline.booking.guardrail.DomainModelExtractorTest" time="0.441" tests="1" errors="0" skipped="0" failures="0" flakes="0">
  <properties>
[...]
</properties>
  <testcase name="generateDomainModelDiagram" classname="com.pet.project.airline.booking.guardrail.DomainModelExtractorTest" time="0.44">
    <system-out><![CDATA[19:41:32.878 [main] INFO com.tngtech.archunit.core.PluginLoader -- Detected Java version 25.0.4
]]></system-out>
  </testcase>
</testsuite>